This file contains any messages produced by compilers while
running configure, to aid debugging if configure makes a mistake.

It was created by xf86-video-fbdev configure 0.5.1, which was
generated by GNU Autoconf 2.69.  Invocation command line was

  $ ./configure 

## --------- ##
## Platform. ##
## --------- ##

hostname = rk3066-dev
uname -m = armv7l
uname -r = 3.0.36+
uname -s = Linux
uname -v = #10 SMP PREEMPT Thu Dec 12 13:43:31 MSK 2013

/usr/bin/uname -p = unknown
/bin/uname -X     = unknown

/bin/arch              = unknown
/usr/bin/arch -k       = unknown
/usr/convex/getsysinfo = unknown
/usr/bin/hostinfo      = unknown
/bin/machine           = unknown
/usr/bin/oslevel       = unknown
/bin/universe          = unknown

PATH: /usr/local/sbin
PATH: /usr/local/bin
PATH: /usr/sbin
PATH: /usr/bin
PATH: /sbin
PATH: /bin


## ----------- ##
## Core tests. ##
## ----------- ##

configure:2278: checking for a BSD-compatible install
configure:2346: result: /usr/bin/install -c
configure:2357: checking whether build environment is sane
configure:2407: result: yes
configure:2548: checking for a thread-safe mkdir -p
configure:2587: result: /bin/mkdir -p
configure:2600: checking for gawk
configure:2630: result: no
configure:2600: checking for mawk
configure:2616: found /usr/bin/mawk
configure:2627: result: mawk
configure:2638: checking whether make sets $(MAKE)
configure:2660: result: yes
configure:2741: checking whether to enable maintainer-specific portions of Makefiles
configure:2750: result: no
configure:2788: checking for style of include used by make
configure:2816: result: GNU
configure:2887: checking for gcc
configure:2903: found /usr/bin/gcc
configure:2914: result: gcc
configure:3143: checking for C compiler version
configure:3152: gcc --version >&5
gcc (Debian 4.6.3-14) 4.6.3
Copyright (C) 2011 Free Software Foundation, Inc.
This is free software; see the source for copying conditions.  There is NO
warranty; not even for MERCHANTABILITY or FITNESS FOR A PARTICULAR PURPOSE.

configure:3163: $? = 0
configure:3152: gcc -v >&5
Using built-in specs.
COLLECT_GCC=gcc
COLLECT_LTO_WRAPPER=/usr/lib/gcc/arm-linux-gnueabihf/4.6/lto-wrapper
Target: arm-linux-gnueabihf
Configured with: ../src/configure -v --with-pkgversion='Debian 4.6.3-14' --with-bugurl=file:///usr/share/doc/gcc-4.6/README.Bugs --enable-languages=c,c++,fortran,objc,obj-c++ --prefix=/usr --program-suffix=-4.6 --enable-shared --enable-linker-build-id --with-system-zlib --libexecdir=/usr/lib --without-included-gettext --enable-threads=posix --with-gxx-include-dir=/usr/include/c++/4.6 --libdir=/usr/lib --enable-nls --with-sysroot=/ --enable-clocale=gnu --enable-libstdcxx-debug --enable-libstdcxx-time=yes --enable-gnu-unique-object --enable-plugin --enable-objc-gc --disable-sjlj-exceptions --with-arch=armv7-a --with-fpu=vfpv3-d16 --with-float=hard --with-mode=thumb --enable-checking=release --build=arm-linux-gnueabihf --host=arm-linux-gnueabihf --target=arm-linux-gnueabihf
Thread model: posix
gcc version 4.6.3 (Debian 4.6.3-14) 
configure:3163: $? = 0
configure:3152: gcc -V >&5
gcc: error: unrecognized option '-V'
gcc: fatal error: no input files
compilation terminated.
configure:3163: $? = 4
configure:3152: gcc -qversion >&5
gcc: error: unrecognized option '-qversion'
gcc: fatal error: no input files
compilation terminated.
configure:3163: $? = 4
configure:3183: checking whether the C compiler works
configure:3205: gcc    conftest.c  >&5
configure:3209: $? = 0
configure:3257: result: yes
configure:3260: checking for C compiler default output file name
configure:3262: result: a.out
configure:3268: checking for suffix of executables
configure:3275: gcc -o conftest    conftest.c  >&5
configure:3279: $? = 0
configure:3301: result: 
configure:3323: checking whether we are cross compiling
configure:3331: gcc -o conftest    conftest.c  >&5
configure:3335: $? = 0
configure:3342: ./conftest
configure:3346: $? = 0
configure:3361: result: no
configure:3366: checking for suffix of object files
configure:3388: gcc -c   conftest.c >&5
configure:3392: $? = 0
configure:3413: result: o
configure:3417: checking whether we are using the GNU C compiler
configure:3436: gcc -c   conftest.c >&5
configure:3436: $? = 0
configure:3445: result: yes
configure:3454: checking whether gcc accepts -g
configure:3474: gcc -c -g  conftest.c >&5
configure:3474: $? = 0
configure:3515: result: yes
configure:3532: checking for gcc option to accept ISO C89
configure:3595: gcc  -c -g -O2  conftest.c >&5
configure:3595: $? = 0
configure:3608: result: none needed
configure:3630: checking dependency style of gcc
configure:3741: result: gcc3
configure:3756: checking for gcc option to accept ISO C99
configure:3905: gcc  -c -g -O2  conftest.c >&5
conftest.c:61:29: error: expected ';', ',' or ')' before 'text'
conftest.c: In function 'main':
conftest.c:115:18: error: expected '=', ',', ';', 'asm' or '__attribute__' before 'newvar'
conftest.c:115:18: error: 'newvar' undeclared (first use in this function)
conftest.c:115:18: note: each undeclared identifier is reported only once for each function it appears in
conftest.c:125:3: error: 'for' loop initial declarations are only allowed in C99 mode
conftest.c:125:3: note: use option -std=c99 or -std=gnu99 to compile your code
configure:3905: $? = 1
configure: failed program was:
| /* confdefs.h */
| #define PACKAGE_NAME "xf86-video-fbdev"
| #define PACKAGE_TARNAME "xf86-video-fbdev"
| #define PACKAGE_VERSION "0.5.1"
| #define PACKAGE_STRING "xf86-video-fbdev 0.5.1"
| #define PACKAGE_BUGREPORT "https://bugs.freedesktop.org/enter_bug.cgi?product=xorg"
| #define PACKAGE_URL ""
| #define PACKAGE "xf86-video-fbdev"
| #define VERSION "0.5.1"
| /* end confdefs.h.  */
| #include <stdarg.h>
| #include <stdbool.h>
| #include <stdlib.h>
| #include <wchar.h>
| #include <stdio.h>
| 
| // Check varargs macros.  These examples are taken from C99 6.10.3.5.
| #define debug(...) fprintf (stderr, __VA_ARGS__)
| #define showlist(...) puts (#__VA_ARGS__)
| #define report(test,...) ((test) ? puts (#test) : printf (__VA_ARGS__))
| static void
| test_varargs_macros (void)
| {
|   int x = 1234;
|   int y = 5678;
|   debug ("Flag");
|   debug ("X = %d\n", x);
|   showlist (The first, second, and third items.);
|   report (x>y, "x is %d but y is %d", x, y);
| }
| 
| // Check long long types.
| #define BIG64 18446744073709551615ull
| #define BIG32 4294967295ul
| #define BIG_OK (BIG64 / BIG32 == 4294967297ull && BIG64 % BIG32 == 0)
| #if !BIG_OK
|   your preprocessor is broken;
| #endif
| #if BIG_OK
| #else
|   your preprocessor is broken;
| #endif
| static long long int bignum = -9223372036854775807LL;
| static unsigned long long int ubignum = BIG64;
| 
| struct incomplete_array
| {
|   int datasize;
|   double data[];
| };
| 
| struct named_init {
|   int number;
|   const wchar_t *name;
|   double average;
| };
| 
| typedef const char *ccp;
| 
| static inline int
| test_restrict (ccp restrict text)
| {
|   // See if C++-style comments work.
|   // Iterate through items via the restricted pointer.
|   // Also check for declarations in for loops.
|   for (unsigned int i = 0; *(text+i) != '\0'; ++i)
|     continue;
|   return 0;
| }
| 
| // Check varargs and va_copy.
| static void
| test_varargs (const char *format, ...)
| {
|   va_list args;
|   va_start (args, format);
|   va_list args_copy;
|   va_copy (args_copy, args);
| 
|   const char *str;
|   int number;
|   float fnumber;
| 
|   while (*format)
|     {
|       switch (*format++)
| 	{
| 	case 's': // string
| 	  str = va_arg (args_copy, const char *);
| 	  break;
| 	case 'd': // int
| 	  number = va_arg (args_copy, int);
| 	  break;
| 	case 'f': // float
| 	  fnumber = va_arg (args_copy, double);
| 	  break;
| 	default:
| 	  break;
| 	}
|     }
|   va_end (args_copy);
|   va_end (args);
| }
| 
| int
| main ()
| {
| 
|   // Check bool.
|   _Bool success = false;
| 
|   // Check restrict.
|   if (test_restrict ("String literal") == 0)
|     success = true;
|   char *restrict newvar = "Another string";
| 
|   // Check varargs.
|   test_varargs ("s, d' f .", "string", 65, 34.234);
|   test_varargs_macros ();
| 
|   // Check flexible array members.
|   struct incomplete_array *ia =
|     malloc (sizeof (struct incomplete_array) + (sizeof (double) * 10));
|   ia->datasize = 10;
|   for (int i = 0; i < ia->datasize; ++i)
|     ia->data[i] = i * 1.234;
| 
|   // Check named initializers.
|   struct named_init ni = {
|     .number = 34,
|     .name = L"Test wide string",
|     .average = 543.34343,
|   };
| 
|   ni.number = 58;
| 
|   int dynamic_array[ni.number];
|   dynamic_array[ni.number - 1] = 543;
| 
|   // work around unused variable warnings
|   return (!success || bignum == 0LL || ubignum == 0uLL || newvar[0] == 'x'
| 	  || dynamic_array[ni.number - 1] != 543);
| 
|   ;
|   return 0;
| }
configure:3905: gcc -std=gnu99 -c -g -O2  conftest.c >&5
configure:3905: $? = 0
configure:3925: result: -std=gnu99
configure:3939: checking how to run the C preprocessor
configure:3970: gcc -std=gnu99 -E  conftest.c
configure:3970: $? = 0
configure:3984: gcc -std=gnu99 -E  conftest.c
conftest.c:11:28: fatal error: ac_nonexistent.h: No such file or directory
compilation terminated.
configure:3984: $? = 1
configure: failed program was:
| /* confdefs.h */
| #define PACKAGE_NAME "xf86-video-fbdev"
| #define PACKAGE_TARNAME "xf86-video-fbdev"
| #define PACKAGE_VERSION "0.5.1"
| #define PACKAGE_STRING "xf86-video-fbdev 0.5.1"
| #define PACKAGE_BUGREPORT "https://bugs.freedesktop.org/enter_bug.cgi?product=xorg"
| #define PACKAGE_URL ""
| #define PACKAGE "xf86-video-fbdev"
| #define VERSION "0.5.1"
| /* end confdefs.h.  */
| #include <ac_nonexistent.h>
configure:4009: result: gcc -std=gnu99 -E
configure:4029: gcc -std=gnu99 -E  conftest.c
configure:4029: $? = 0
configure:4043: gcc -std=gnu99 -E  conftest.c
conftest.c:11:28: fatal error: ac_nonexistent.h: No such file or directory
compilation terminated.
configure:4043: $? = 1
configure: failed program was:
| /* confdefs.h */
| #define PACKAGE_NAME "xf86-video-fbdev"
| #define PACKAGE_TARNAME "xf86-video-fbdev"
| #define PACKAGE_VERSION "0.5.1"
| #define PACKAGE_STRING "xf86-video-fbdev 0.5.1"
| #define PACKAGE_BUGREPORT "https://bugs.freedesktop.org/enter_bug.cgi?product=xorg"
| #define PACKAGE_URL ""
| #define PACKAGE "xf86-video-fbdev"
| #define VERSION "0.5.1"
| /* end confdefs.h.  */
| #include <ac_nonexistent.h>
configure:4072: checking for grep that handles long lines and -e
configure:4130: result: /bin/grep
configure:4135: checking for egrep
configure:4197: result: /bin/grep -E
configure:4202: checking for ANSI C header files
configure:4222: gcc -std=gnu99 -c -g -O2  conftest.c >&5
configure:4222: $? = 0
configure:4295: gcc -std=gnu99 -o conftest -g -O2   conftest.c  >&5
configure:4295: $? = 0
configure:4295: ./conftest
configure:4295: $? = 0
configure:4306: result: yes
configure:4319: checking for sys/types.h
configure:4319: gcc -std=gnu99 -c -g -O2  conftest.c >&5
configure:4319: $? = 0
configure:4319: result: yes
configure:4319: checking for sys/stat.h
configure:4319: gcc -std=gnu99 -c -g -O2  conftest.c >&5
configure:4319: $? = 0
configure:4319: result: yes
configure:4319: checking for stdlib.h
configure:4319: gcc -std=gnu99 -c -g -O2  conftest.c >&5
configure:4319: $? = 0
configure:4319: result: yes
configure:4319: checking for string.h
configure:4319: gcc -std=gnu99 -c -g -O2  conftest.c >&5
configure:4319: $? = 0
configure:4319: result: yes
configure:4319: checking for memory.h
configure:4319: gcc -std=gnu99 -c -g -O2  conftest.c >&5
configure:4319: $? = 0
configure:4319: result: yes
configure:4319: checking for strings.h
configure:4319: gcc -std=gnu99 -c -g -O2  conftest.c >&5
configure:4319: $? = 0
configure:4319: result: yes
configure:4319: checking for inttypes.h
configure:4319: gcc -std=gnu99 -c -g -O2  conftest.c >&5
configure:4319: $? = 0
configure:4319: result: yes
configure:4319: checking for stdint.h
configure:4319: gcc -std=gnu99 -c -g -O2  conftest.c >&5
configure:4319: $? = 0
configure:4319: result: yes
configure:4319: checking for unistd.h
configure:4319: gcc -std=gnu99 -c -g -O2  conftest.c >&5
configure:4319: $? = 0
configure:4319: result: yes
configure:4335: checking whether __clang__ is declared
configure:4335: gcc -std=gnu99 -c -g -O2  conftest.c >&5
conftest.c: In function 'main':
conftest.c:61:10: error: '__clang__' undeclared (first use in this function)
conftest.c:61:10: note: each undeclared identifier is reported only once for each function it appears in
configure:4335: $? = 1
configure: failed program was:
| /* confdefs.h */
| #define PACKAGE_NAME "xf86-video-fbdev"
| #define PACKAGE_TARNAME "xf86-video-fbdev"
| #define PACKAGE_VERSION "0.5.1"
| #define PACKAGE_STRING "xf86-video-fbdev 0.5.1"
| #define PACKAGE_BUGREPORT "https://bugs.freedesktop.org/enter_bug.cgi?product=xorg"
| #define PACKAGE_URL ""
| #define PACKAGE "xf86-video-fbdev"
| #define VERSION "0.5.1"
| #define STDC_HEADERS 1
| #define HAVE_SYS_TYPES_H 1
| #define HAVE_SYS_STAT_H 1
| #define HAVE_STDLIB_H 1
| #define HAVE_STRING_H 1
| #define HAVE_MEMORY_H 1
| #define HAVE_STRINGS_H 1
| #define HAVE_INTTYPES_H 1
| #define HAVE_STDINT_H 1
| #define HAVE_UNISTD_H 1
| /* end confdefs.h.  */
| #include <stdio.h>
| #ifdef HAVE_SYS_TYPES_H
| # include <sys/types.h>
| #endif
| #ifdef HAVE_SYS_STAT_H
| # include <sys/stat.h>
| #endif
| #ifdef STDC_HEADERS
| # include <stdlib.h>
| # include <stddef.h>
| #else
| # ifdef HAVE_STDLIB_H
| #  include <stdlib.h>
| # endif
| #endif
| #ifdef HAVE_STRING_H
| # if !defined STDC_HEADERS && defined HAVE_MEMORY_H
| #  include <memory.h>
| # endif
| # include <string.h>
| #endif
| #ifdef HAVE_STRINGS_H
| # include <strings.h>
| #endif
| #ifdef HAVE_INTTYPES_H
| # include <inttypes.h>
| #endif
| #ifdef HAVE_STDINT_H
| # include <stdint.h>
| #endif
| #ifdef HAVE_UNISTD_H
| # include <unistd.h>
| #endif
| int
| main ()
| {
| #ifndef __clang__
| #ifdef __cplusplus
|   (void) __clang__;
| #else
|   (void) __clang__;
| #endif
| #endif
| 
|   ;
|   return 0;
| }
configure:4335: result: no
configure:4342: checking whether __INTEL_COMPILER is declared
configure:4342: gcc -std=gnu99 -c -g -O2  conftest.c >&5
conftest.c: In function 'main':
conftest.c:61:10: error: '__INTEL_COMPILER' undeclared (first use in this function)
conftest.c:61:10: note: each undeclared identifier is reported only once for each function it appears in
configure:4342: $? = 1
configure: failed program was:
| /* confdefs.h */
| #define PACKAGE_NAME "xf86-video-fbdev"
| #define PACKAGE_TARNAME "xf86-video-fbdev"
| #define PACKAGE_VERSION "0.5.1"
| #define PACKAGE_STRING "xf86-video-fbdev 0.5.1"
| #define PACKAGE_BUGREPORT "https://bugs.freedesktop.org/enter_bug.cgi?product=xorg"
| #define PACKAGE_URL ""
| #define PACKAGE "xf86-video-fbdev"
| #define VERSION "0.5.1"
| #define STDC_HEADERS 1
| #define HAVE_SYS_TYPES_H 1
| #define HAVE_SYS_STAT_H 1
| #define HAVE_STDLIB_H 1
| #define HAVE_STRING_H 1
| #define HAVE_MEMORY_H 1
| #define HAVE_STRINGS_H 1
| #define HAVE_INTTYPES_H 1
| #define HAVE_STDINT_H 1
| #define HAVE_UNISTD_H 1
| /* end confdefs.h.  */
| #include <stdio.h>
| #ifdef HAVE_SYS_TYPES_H
| # include <sys/types.h>
| #endif
| #ifdef HAVE_SYS_STAT_H
| # include <sys/stat.h>
| #endif
| #ifdef STDC_HEADERS
| # include <stdlib.h>
| # include <stddef.h>
| #else
| # ifdef HAVE_STDLIB_H
| #  include <stdlib.h>
| # endif
| #endif
| #ifdef HAVE_STRING_H
| # if !defined STDC_HEADERS && defined HAVE_MEMORY_H
| #  include <memory.h>
| # endif
| # include <string.h>
| #endif
| #ifdef HAVE_STRINGS_H
| # include <strings.h>
| #endif
| #ifdef HAVE_INTTYPES_H
| # include <inttypes.h>
| #endif
| #ifdef HAVE_STDINT_H
| # include <stdint.h>
| #endif
| #ifdef HAVE_UNISTD_H
| # include <unistd.h>
| #endif
| int
| main ()
| {
| #ifndef __INTEL_COMPILER
| #ifdef __cplusplus
|   (void) __INTEL_COMPILER;
| #else
|   (void) __INTEL_COMPILER;
| #endif
| #endif
| 
|   ;
|   return 0;
| }
configure:4342: result: no
configure:4349: checking whether __SUNPRO_C is declared
configure:4349: gcc -std=gnu99 -c -g -O2  conftest.c >&5
conftest.c: In function 'main':
conftest.c:61:10: error: '__SUNPRO_C' undeclared (first use in this function)
conftest.c:61:10: note: each undeclared identifier is reported only once for each function it appears in
configure:4349: $? = 1
configure: failed program was:
| /* confdefs.h */
| #define PACKAGE_NAME "xf86-video-fbdev"
| #define PACKAGE_TARNAME "xf86-video-fbdev"
| #define PACKAGE_VERSION "0.5.1"
| #define PACKAGE_STRING "xf86-video-fbdev 0.5.1"
| #define PACKAGE_BUGREPORT "https://bugs.freedesktop.org/enter_bug.cgi?product=xorg"
| #define PACKAGE_URL ""
| #define PACKAGE "xf86-video-fbdev"
| #define VERSION "0.5.1"
| #define STDC_HEADERS 1
| #define HAVE_SYS_TYPES_H 1
| #define HAVE_SYS_STAT_H 1
| #define HAVE_STDLIB_H 1
| #define HAVE_STRING_H 1
| #define HAVE_MEMORY_H 1
| #define HAVE_STRINGS_H 1
| #define HAVE_INTTYPES_H 1
| #define HAVE_STDINT_H 1
| #define HAVE_UNISTD_H 1
| /* end confdefs.h.  */
| #include <stdio.h>
| #ifdef HAVE_SYS_TYPES_H
| # include <sys/types.h>
| #endif
| #ifdef HAVE_SYS_STAT_H
| # include <sys/stat.h>
| #endif
| #ifdef STDC_HEADERS
| # include <stdlib.h>
| # include <stddef.h>
| #else
| # ifdef HAVE_STDLIB_H
| #  include <stdlib.h>
| # endif
| #endif
| #ifdef HAVE_STRING_H
| # if !defined STDC_HEADERS && defined HAVE_MEMORY_H
| #  include <memory.h>
| # endif
| # include <string.h>
| #endif
| #ifdef HAVE_STRINGS_H
| # include <strings.h>
| #endif
| #ifdef HAVE_INTTYPES_H
| # include <inttypes.h>
| #endif
| #ifdef HAVE_STDINT_H
| # include <stdint.h>
| #endif
| #ifdef HAVE_UNISTD_H
| # include <unistd.h>
| #endif
| int
| main ()
| {
| #ifndef __SUNPRO_C
| #ifdef __cplusplus
|   (void) __SUNPRO_C;
| #else
|   (void) __SUNPRO_C;
| #endif
| #endif
| 
|   ;
|   return 0;
| }
configure:4349: result: no
configure:4411: checking for pkg-config
configure:4429: found /usr/bin/pkg-config
configure:4441: result: /usr/bin/pkg-config
configure:4466: checking pkg-config is at least version 0.9.0
configure:4469: result: yes
configure:4481: checking build system type
configure:4495: result: armv7l-unknown-linux-gnueabihf
configure:4515: checking host system type
configure:4528: result: armv7l-unknown-linux-gnueabihf
configure:4548: checking for a sed that does not truncate output
configure:4612: result: /bin/sed
configure:4658: checking if gcc -std=gnu99 supports -Werror=unknown-warning-option
configure:4667: gcc -std=gnu99 -c -g -O2 -Werror=unknown-warning-option  conftest.c >&5
cc1: error: -Werror=unknown-warning-option: no option -Wunknown-warning-option
configure:4667: $? = 1
configure: failed program was:
| /* confdefs.h */
| #define PACKAGE_NAME "xf86-video-fbdev"
| #define PACKAGE_TARNAME "xf86-video-fbdev"
| #define PACKAGE_VERSION "0.5.1"
| #define PACKAGE_STRING "xf86-video-fbdev 0.5.1"
| #define PACKAGE_BUGREPORT "https://bugs.freedesktop.org/enter_bug.cgi?product=xorg"
| #define PACKAGE_URL ""
| #define PACKAGE "xf86-video-fbdev"
| #define VERSION "0.5.1"
| #define STDC_HEADERS 1
| #define HAVE_SYS_TYPES_H 1
| #define HAVE_SYS_STAT_H 1
| #define HAVE_STDLIB_H 1
| #define HAVE_STRING_H 1
| #define HAVE_MEMORY_H 1
| #define HAVE_STRINGS_H 1
| #define HAVE_INTTYPES_H 1
| #define HAVE_STDINT_H 1
| #define HAVE_UNISTD_H 1
| /* end confdefs.h.  */
| int i;
configure:4674: result: no
configure:4685: checking if gcc -std=gnu99 supports -Werror=unused-command-line-argument
configure:4694: gcc -std=gnu99 -c -g -O2 -Werror=unused-command-line-argument  conftest.c >&5
cc1: error: -Werror=unused-command-line-argument: no option -Wunused-command-line-argument
configure:4694: $? = 1
configure: failed program was:
| /* confdefs.h */
| #define PACKAGE_NAME "xf86-video-fbdev"
| #define PACKAGE_TARNAME "xf86-video-fbdev"
| #define PACKAGE_VERSION "0.5.1"
| #define PACKAGE_STRING "xf86-video-fbdev 0.5.1"
| #define PACKAGE_BUGREPORT "https://bugs.freedesktop.org/enter_bug.cgi?product=xorg"
| #define PACKAGE_URL ""
| #define PACKAGE "xf86-video-fbdev"
| #define VERSION "0.5.1"
| #define STDC_HEADERS 1
| #define HAVE_SYS_TYPES_H 1
| #define HAVE_SYS_STAT_H 1
| #define HAVE_STDLIB_H 1
| #define HAVE_STRING_H 1
| #define HAVE_MEMORY_H 1
| #define HAVE_STRINGS_H 1
| #define HAVE_INTTYPES_H 1
| #define HAVE_STDINT_H 1
| #define HAVE_UNISTD_H 1
| /* end confdefs.h.  */
| int i;
configure:4701: result: no
configure:4720: checking if gcc -std=gnu99 supports-Wall
configure:4737: gcc -std=gnu99 -o conftest -g -O2 -Wall   conftest.c  >&5
configure:4737: $? = 0
configure:4750: result: yes
configure:4838: checking if gcc -std=gnu99 supports-Wpointer-arith
configure:4855: gcc -std=gnu99 -o conftest -g -O2 -Wpointer-arith   conftest.c  >&5
configure:4855: $? = 0
configure:4868: result: yes
configure:4956: checking if gcc -std=gnu99 supports-Wmissing-declarations
configure:4973: gcc -std=gnu99 -o conftest -g -O2 -Wmissing-declarations   conftest.c  >&5
configure:4973: $? = 0
configure:4986: result: yes
configure:5074: checking if gcc -std=gnu99 supports-Wformat=2
configure:5091: gcc -std=gnu99 -o conftest -g -O2 -Wformat=2   conftest.c  >&5
configure:5091: $? = 0
configure:5104: result: yes
configure:5243: checking if gcc -std=gnu99 supports-Wstrict-prototypes
configure:5260: gcc -std=gnu99 -o conftest -g -O2 -Wstrict-prototypes   conftest.c  >&5
conftest.c:23:1: warning: function declaration isn't a prototype [-Wstrict-prototypes]
configure:5260: $? = 0
configure:5273: result: yes
configure:5361: checking if gcc -std=gnu99 supports-Wmissing-prototypes
configure:5378: gcc -std=gnu99 -o conftest -g -O2 -Wmissing-prototypes   conftest.c  >&5
configure:5378: $? = 0
configure:5391: result: yes
configure:5479: checking if gcc -std=gnu99 supports-Wnested-externs
configure:5496: gcc -std=gnu99 -o conftest -g -O2 -Wnested-externs   conftest.c  >&5
configure:5496: $? = 0
configure:5509: result: yes
configure:5597: checking if gcc -std=gnu99 supports-Wbad-function-cast
configure:5614: gcc -std=gnu99 -o conftest -g -O2 -Wbad-function-cast   conftest.c  >&5
configure:5614: $? = 0
configure:5627: result: yes
configure:5715: checking if gcc -std=gnu99 supports-Wold-style-definition
configure:5732: gcc -std=gnu99 -o conftest -g -O2 -Wold-style-definition   conftest.c  >&5
conftest.c: In function 'main':
conftest.c:23:1: warning: old-style function definition [-Wold-style-definition]
configure:5732: $? = 0
configure:5745: result: yes
configure:5833: checking if gcc -std=gnu99 supports-Wdeclaration-after-statement
configure:5850: gcc -std=gnu99 -o conftest -g -O2 -Wdeclaration-after-statement   conftest.c  >&5
configure:5850: $? = 0
configure:5863: result: yes
configure:5955: checking if gcc -std=gnu99 supports-Wunused
configure:5972: gcc -std=gnu99 -o conftest -g -O2 -Wunused   conftest.c  >&5
configure:5972: $? = 0
configure:5985: result: yes
configure:6073: checking if gcc -std=gnu99 supports-Wuninitialized
configure:6090: gcc -std=gnu99 -o conftest -g -O2 -Wuninitialized   conftest.c  >&5
configure:6090: $? = 0
configure:6103: result: yes
configure:6191: checking if gcc -std=gnu99 supports-Wshadow
configure:6208: gcc -std=gnu99 -o conftest -g -O2 -Wshadow   conftest.c  >&5
configure:6208: $? = 0
configure:6221: result: yes
configure:6309: checking if gcc -std=gnu99 supports-Wcast-qual
configure:6326: gcc -std=gnu99 -o conftest -g -O2 -Wcast-qual   conftest.c  >&5
configure:6326: $? = 0
configure:6339: result: yes
configure:6427: checking if gcc -std=gnu99 supports-Wmissing-noreturn
configure:6444: gcc -std=gnu99 -o conftest -g -O2 -Wmissing-noreturn   conftest.c  >&5
configure:6444: $? = 0
configure:6457: result: yes
configure:6545: checking if gcc -std=gnu99 supports-Wmissing-format-attribute
configure:6562: gcc -std=gnu99 -o conftest -g -O2 -Wmissing-format-attribute   conftest.c  >&5
configure:6562: $? = 0
configure:6575: result: yes
configure:6663: checking if gcc -std=gnu99 supports-Wredundant-decls
configure:6680: gcc -std=gnu99 -o conftest -g -O2 -Wredundant-decls   conftest.c  >&5
configure:6680: $? = 0
configure:6693: result: yes
configure:6793: checking if gcc -std=gnu99 supports-Werror=implicit
configure:6810: gcc -std=gnu99 -o conftest -g -O2 -Werror=implicit   conftest.c  >&5
configure:6810: $? = 0
configure:6823: result: yes
configure:6960: checking if gcc -std=gnu99 supports-Werror=nonnull
configure:6977: gcc -std=gnu99 -o conftest -g -O2 -Werror=nonnull   conftest.c  >&5
configure:6977: $? = 0
configure:6990: result: yes
configure:7078: checking if gcc -std=gnu99 supports-Werror=init-self
configure:7095: gcc -std=gnu99 -o conftest -g -O2 -Werror=init-self   conftest.c  >&5
configure:7095: $? = 0
configure:7108: result: yes
configure:7196: checking if gcc -std=gnu99 supports-Werror=main
configure:7213: gcc -std=gnu99 -o conftest -g -O2 -Werror=main   conftest.c  >&5
configure:7213: $? = 0
configure:7226: result: yes
configure:7314: checking if gcc -std=gnu99 supports-Werror=missing-braces
configure:7331: gcc -std=gnu99 -o conftest -g -O2 -Werror=missing-braces   conftest.c  >&5
configure:7331: $? = 0
configure:7344: result: yes
configure:7432: checking if gcc -std=gnu99 supports-Werror=sequence-point
configure:7449: gcc -std=gnu99 -o conftest -g -O2 -Werror=sequence-point   conftest.c  >&5
configure:7449: $? = 0
configure:7462: result: yes
configure:7550: checking if gcc -std=gnu99 supports-Werror=return-type
configure:7567: gcc -std=gnu99 -o conftest -g -O2 -Werror=return-type   conftest.c  >&5
configure:7567: $? = 0
configure:7580: result: yes
configure:7717: checking if gcc -std=gnu99 supports-Werror=trigraphs
configure:7734: gcc -std=gnu99 -o conftest -g -O2 -Werror=trigraphs   conftest.c  >&5
configure:7734: $? = 0
configure:7747: result: yes
configure:7835: checking if gcc -std=gnu99 supports-Werror=array-bounds
configure:7852: gcc -std=gnu99 -o conftest -g -O2 -Werror=array-bounds   conftest.c  >&5
configure:7852: $? = 0
configure:7865: result: yes
configure:7953: checking if gcc -std=gnu99 supports-Werror=write-strings
configure:7970: gcc -std=gnu99 -o conftest -g -O2 -Werror=write-strings   conftest.c  >&5
configure:7970: $? = 0
configure:7983: result: yes
configure:8071: checking if gcc -std=gnu99 supports-Werror=address
configure:8088: gcc -std=gnu99 -o conftest -g -O2 -Werror=address   conftest.c  >&5
configure:8088: $? = 0
configure:8101: result: yes
configure:8189: checking if gcc -std=gnu99 supports-Werror=int-to-pointer-cast
configure:8206: gcc -std=gnu99 -o conftest -g -O2 -Werror=int-to-pointer-cast   conftest.c  >&5
configure:8206: $? = 0
configure:8219: result: yes
configure:8356: checking if gcc -std=gnu99 supports-Werror=pointer-to-int-cast
configure:8373: gcc -std=gnu99 -o conftest -g -O2 -Werror=pointer-to-int-cast   conftest.c  >&5
configure:8373: $? = 0
configure:8386: result: yes
configure:10044: checking if gcc -std=gnu99 supports-pedantic
configure:10061: gcc -std=gnu99 -o conftest -g -O2 -pedantic   conftest.c  >&5
configure:10061: $? = 0
configure:10074: result: yes
configure:10162: checking if gcc -std=gnu99 supports-Werror
configure:10179: gcc -std=gnu99 -o conftest -g -O2 -Werror   conftest.c  >&5
configure:10179: $? = 0
configure:10192: result: yes
configure:10332: checking if gcc -std=gnu99 supports-Werror=attributes
configure:10349: gcc -std=gnu99 -o conftest -g -O2 -Werror=attributes   conftest.c  >&5
configure:10349: $? = 0
configure:10362: result: yes
configure:10522: checking whether make supports nested variables
configure:10539: result: yes
configure:10630: checking how to print strings
configure:10657: result: printf
configure:10678: checking for a sed that does not truncate output
configure:10742: result: /bin/sed
configure:10760: checking for fgrep
configure:10822: result: /bin/grep -F
configure:10857: checking for ld used by gcc -std=gnu99
configure:10924: result: /usr/bin/ld
configure:10931: checking if the linker (/usr/bin/ld) is GNU ld
configure:10946: result: yes
configure:10958: checking for BSD- or MS-compatible name lister (nm)
configure:11007: result: /usr/bin/nm -B
configure:11137: checking the name lister (/usr/bin/nm -B) interface
configure:11144: gcc -std=gnu99 -c -g -O2  conftest.c >&5
configure:11147: /usr/bin/nm -B "conftest.o"
configure:11150: output
00000000 B some_variable
configure:11157: result: BSD nm
configure:11160: checking whether ln -s works
configure:11164: result: yes
configure:11172: checking the maximum length of command line arguments
configure:11302: result: 1572864
configure:11319: checking whether the shell understands some XSI constructs
configure:11329: result: yes
configure:11333: checking whether the shell understands "+="
configure:11339: result: yes
configure:11374: checking how to convert armv7l-unknown-linux-gnueabihf file names to armv7l-unknown-linux-gnueabihf format
configure:11414: result: func_convert_file_noop
configure:11421: checking how to convert armv7l-unknown-linux-gnueabihf file names to toolchain format
configure:11441: result: func_convert_file_noop
configure:11448: checking for /usr/bin/ld option to reload object files
configure:11455: result: -r
configure:11529: checking for objdump
configure:11545: found /usr/bin/objdump
configure:11556: result: objdump
configure:11588: checking how to recognize dependent libraries
configure:11786: result: pass_all
configure:11871: checking for dlltool
configure:11901: result: no
configure:11931: checking how to associate runtime and link libraries
configure:11958: result: printf %s\n
configure:12018: checking for ar
configure:12034: found /usr/bin/ar
configure:12045: result: ar
configure:12082: checking for archiver @FILE support
configure:12099: gcc -std=gnu99 -c -g -O2  conftest.c >&5
configure:12099: $? = 0
configure:12102: ar cru libconftest.a @conftest.lst >&5
configure:12105: $? = 0
configure:12110: ar cru libconftest.a @conftest.lst >&5
ar: conftest.o: No such file or directory
configure:12113: $? = 1
configure:12125: result: @
configure:12183: checking for strip
configure:12199: found /usr/bin/strip
configure:12210: result: strip
configure:12282: checking for ranlib
configure:12298: found /usr/bin/ranlib
configure:12309: result: ranlib
configure:12411: checking command to parse /usr/bin/nm -B output from gcc -std=gnu99 object
configure:12531: gcc -std=gnu99 -c -g -O2  conftest.c >&5
configure:12534: $? = 0
configure:12538: /usr/bin/nm -B conftest.o \| sed -n -e 's/^.*[ ]\([ABCDGIRSTW][ABCDGIRSTW]*\)[ ][ ]*\([_A-Za-z][_A-Za-z0-9]*\)$/\1 \2 \2/p' | sed '/ __gnu_lto/d' \> conftest.nm
configure:12541: $? = 0
configure:12607: gcc -std=gnu99 -o conftest -g -O2   conftest.c conftstm.o >&5
configure:12610: $? = 0
configure:12648: result: ok
configure:12685: checking for sysroot
configure:12715: result: no
configure:12971: checking for mt
configure:12987: found /bin/mt
configure:12998: result: mt
configure:13021: checking if mt is a manifest tool
configure:13027: mt '-?'
configure:13035: result: no
configure:13674: checking for dlfcn.h
configure:13674: gcc -std=gnu99 -c -g -O2  conftest.c >&5
configure:13674: $? = 0
configure:13674: result: yes
configure:13850: checking for objdir
configure:13865: result: .libs
configure:14132: checking if gcc -std=gnu99 supports -fno-rtti -fno-exceptions
configure:14150: gcc -std=gnu99 -c -g -O2  -fno-rtti -fno-exceptions conftest.c >&5
cc1: warning: command line option '-fno-rtti' is valid for C++/ObjC++ but not for C [enabled by default]
configure:14154: $? = 0
configure:14167: result: no
configure:14494: checking for gcc -std=gnu99 option to produce PIC
configure:14501: result: -fPIC -DPIC
configure:14509: checking if gcc -std=gnu99 PIC flag -fPIC -DPIC works
configure:14527: gcc -std=gnu99 -c -g -O2  -fPIC -DPIC -DPIC conftest.c >&5
configure:14531: $? = 0
configure:14544: result: yes
configure:14573: checking if gcc -std=gnu99 static flag -static works
configure:14601: result: yes
configure:14616: checking if gcc -std=gnu99 supports -c -o file.o
configure:14637: gcc -std=gnu99 -c -g -O2  -o out/conftest2.o conftest.c >&5
configure:14641: $? = 0
configure:14663: result: yes
configure:14671: checking if gcc -std=gnu99 supports -c -o file.o
configure:14718: result: yes
configure:14751: checking whether the gcc -std=gnu99 linker (/usr/bin/ld) supports shared libraries
configure:15908: result: yes
configure:15945: checking whether -lc should be explicitly linked in
configure:15953: gcc -std=gnu99 -c -g -O2  conftest.c >&5
configure:15956: $? = 0
configure:15971: gcc -std=gnu99 -shared  -fPIC -DPIC conftest.o  -v -Wl,-soname -Wl,conftest -o conftest 2\>\&1 \| /bin/grep  -lc  \>/dev/null 2\>\&1
configure:15974: $? = 0
configure:15988: result: no
configure:16148: checking dynamic linker characteristics
configure:16648: gcc -std=gnu99 -o conftest -g -O2   -Wl,-rpath -Wl,/foo conftest.c  >&5
configure:16648: $? = 0
configure:16882: result: GNU/Linux ld.so
configure:16989: checking how to hardcode library paths into programs
configure:17014: result: immediate
configure:17554: checking whether stripping libraries is possible
configure:17559: result: yes
configure:17594: checking if libtool supports shared libraries
configure:17596: result: yes
configure:17599: checking whether to build shared libraries
configure:17620: result: yes
configure:17623: checking whether to build static libraries
configure:17627: result: no
configure:17705: gcc -std=gnu99 -c -g -O2 -I/usr/include/xorg  conftest.c >&5
configure:17705: $? = 0
configure:17712: checking if RANDR is defined
configure:17714: result: yes
configure:17740: gcc -std=gnu99 -c -g -O2 -I/usr/include/xorg  conftest.c >&5
configure:17740: $? = 0
configure:17747: checking if RENDER is defined
configure:17749: result: yes
configure:17775: gcc -std=gnu99 -c -g -O2 -I/usr/include/xorg  conftest.c >&5
configure:17775: $? = 0
configure:17782: checking if XV is defined
configure:17784: result: yes
configure:17794: checking for XORG
configure:17801: $PKG_CONFIG --exists --print-errors "xorg-server >= 1.0.99.901 xproto fontsproto $REQUIRED_MODULES"
configure:17804: $? = 0
configure:17818: $PKG_CONFIG --exists --print-errors "xorg-server >= 1.0.99.901 xproto fontsproto $REQUIRED_MODULES"
configure:17821: $? = 0
configure:17879: result: yes
configure:17886: checking whether xf86ConfigIsaEntity is declared
configure:17886: gcc -std=gnu99 -c -fvisibility=hidden -I/usr/include/pixman-1 -I/usr/include/xorg    conftest.c >&5
conftest.c: In function 'main':
conftest.c:35:10: error: 'xf86ConfigIsaEntity' undeclared (first use in this function)
conftest.c:35:10: note: each undeclared identifier is reported only once for each function it appears in
configure:17886: $? = 1
configure: failed program was:
| /* confdefs.h */
| #define PACKAGE_NAME "xf86-video-fbdev"
| #define PACKAGE_TARNAME "xf86-video-fbdev"
| #define PACKAGE_VERSION "0.5.1"
| #define PACKAGE_STRING "xf86-video-fbdev 0.5.1"
| #define PACKAGE_BUGREPORT "https://bugs.freedesktop.org/enter_bug.cgi?product=xorg"
| #define PACKAGE_URL ""
| #define PACKAGE "xf86-video-fbdev"
| #define VERSION "0.5.1"
| #define STDC_HEADERS 1
| #define HAVE_SYS_TYPES_H 1
| #define HAVE_SYS_STAT_H 1
| #define HAVE_STDLIB_H 1
| #define HAVE_STRING_H 1
| #define HAVE_MEMORY_H 1
| #define HAVE_STRINGS_H 1
| #define HAVE_INTTYPES_H 1
| #define HAVE_STDINT_H 1
| #define HAVE_UNISTD_H 1
| #define PACKAGE_VERSION_MAJOR 0
| #define PACKAGE_VERSION_MINOR 5
| #define PACKAGE_VERSION_PATCHLEVEL 1
| #define HAVE_DLFCN_H 1
| #define LT_OBJDIR ".libs/"
| /* end confdefs.h.  */
| #include "xf86.h"
| 
| int
| main ()
| {
| #ifndef xf86ConfigIsaEntity
| #ifdef __cplusplus
|   (void) xf86ConfigIsaEntity;
| #else
|   (void) xf86ConfigIsaEntity;
| #endif
| #endif
| 
|   ;
|   return 0;
| }
configure:17886: result: no
configure:18150: creating ./config.status

## ---------------------- ##
## Running config.status. ##
## ---------------------- ##

This file was extended by xf86-video-fbdev config.status 0.5.1, which was
generated by GNU Autoconf 2.69.  Invocation command line was

  CONFIG_FILES    = 
  CONFIG_HEADERS  = 
  CONFIG_LINKS    = 
  CONFIG_COMMANDS = 
  $ ./config.status 

on rk3066-dev

config.status:1129: creating Makefile
config.status:1129: creating src/Makefile
config.status:1129: creating man/Makefile
config.status:1129: creating config.h
config.status:1310: config.h is unchanged
config.status:1358: executing depfiles commands
config.status:1358: executing libtool commands

## ---------------- ##
## Cache variables. ##
## ---------------- ##

ac_cv_build=armv7l-unknown-linux-gnueabihf
ac_cv_c_compiler_gnu=yes
ac_cv_env_CC_set=
ac_cv_env_CC_value=
ac_cv_env_CFLAGS_set=
ac_cv_env_CFLAGS_value=
ac_cv_env_CPPFLAGS_set=
ac_cv_env_CPPFLAGS_value=
ac_cv_env_CPP_set=
ac_cv_env_CPP_value=
ac_cv_env_LDFLAGS_set=
ac_cv_env_LDFLAGS_value=
ac_cv_env_LIBS_set=
ac_cv_env_LIBS_value=
ac_cv_env_PCIACCESS_CFLAGS_set=
ac_cv_env_PCIACCESS_CFLAGS_value=
ac_cv_env_PCIACCESS_LIBS_set=
ac_cv_env_PCIACCESS_LIBS_value=
ac_cv_env_PKG_CONFIG_LIBDIR_set=
ac_cv_env_PKG_CONFIG_LIBDIR_value=
ac_cv_env_PKG_CONFIG_PATH_set=
ac_cv_env_PKG_CONFIG_PATH_value=
ac_cv_env_PKG_CONFIG_set=
ac_cv_env_PKG_CONFIG_value=
ac_cv_env_XORG_CFLAGS_set=
ac_cv_env_XORG_CFLAGS_value=
ac_cv_env_XORG_LIBS_set=
ac_cv_env_XORG_LIBS_value=
ac_cv_env_build_alias_set=
ac_cv_env_build_alias_value=
ac_cv_env_host_alias_set=
ac_cv_env_host_alias_value=
ac_cv_env_target_alias_set=
ac_cv_env_target_alias_value=
ac_cv_have_decl___INTEL_COMPILER=no
ac_cv_have_decl___SUNPRO_C=no
ac_cv_have_decl___clang__=no
ac_cv_have_decl_xf86ConfigIsaEntity=no
ac_cv_header_dlfcn_h=yes
ac_cv_header_inttypes_h=yes
ac_cv_header_memory_h=yes
ac_cv_header_stdc=yes
ac_cv_header_stdint_h=yes
ac_cv_header_stdlib_h=yes
ac_cv_header_string_h=yes
ac_cv_header_strings_h=yes
ac_cv_header_sys_stat_h=yes
ac_cv_header_sys_types_h=yes
ac_cv_header_unistd_h=yes
ac_cv_host=armv7l-unknown-linux-gnueabihf
ac_cv_objext=o
ac_cv_path_EGREP='/bin/grep -E'
ac_cv_path_FGREP='/bin/grep -F'
ac_cv_path_GREP=/bin/grep
ac_cv_path_SED=/bin/sed
ac_cv_path_ac_pt_PKG_CONFIG=/usr/bin/pkg-config
ac_cv_path_install='/usr/bin/install -c'
ac_cv_path_mkdir=/bin/mkdir
ac_cv_prog_AWK=mawk
ac_cv_prog_CPP='gcc -std=gnu99 -E'
ac_cv_prog_ac_ct_AR=ar
ac_cv_prog_ac_ct_CC=gcc
ac_cv_prog_ac_ct_MANIFEST_TOOL=mt
ac_cv_prog_ac_ct_OBJDUMP=objdump
ac_cv_prog_ac_ct_RANLIB=ranlib
ac_cv_prog_ac_ct_STRIP=strip
ac_cv_prog_cc_c89=
ac_cv_prog_cc_c99=-std=gnu99
ac_cv_prog_cc_g=yes
ac_cv_prog_make_make_set=yes
am_cv_CC_dependencies_compiler_type=gcc3
am_cv_make_support_nested_variables=yes
lt_cv_ar_at_file=@
lt_cv_archive_cmds_need_lc=no
lt_cv_deplibs_check_method=pass_all
lt_cv_file_magic_cmd='$MAGIC_CMD'
lt_cv_file_magic_test_file=
lt_cv_ld_reload_flag=-r
lt_cv_nm_interface='BSD nm'
lt_cv_objdir=.libs
lt_cv_path_LD=/usr/bin/ld
lt_cv_path_NM='/usr/bin/nm -B'
lt_cv_path_mainfest_tool=no
lt_cv_prog_compiler_c_o=yes
lt_cv_prog_compiler_pic='-fPIC -DPIC'
lt_cv_prog_compiler_pic_works=yes
lt_cv_prog_compiler_rtti_exceptions=no
lt_cv_prog_compiler_static_works=yes
lt_cv_prog_gnu_ld=yes
lt_cv_sharedlib_from_linklib_cmd='printf %s\n'
lt_cv_shlibpath_overrides_runpath=no
lt_cv_sys_global_symbol_pipe='sed -n -e '\''s/^.*[	 ]\([ABCDGIRSTW][ABCDGIRSTW]*\)[	 ][	 ]*\([_A-Za-z][_A-Za-z0-9]*\)$/\1 \2 \2/p'\'' | sed '\''/ __gnu_lto/d'\'''
lt_cv_sys_global_symbol_to_c_name_address='sed -n -e '\''s/^: \([^ ]*\)[ ]*$/  {\"\1\", (void *) 0},/p'\'' -e '\''s/^[ABCDGIRSTW]* \([^ ]*\) \([^ ]*\)$/  {"\2", (void *) \&\2},/p'\'''
lt_cv_sys_global_symbol_to_c_name_address_lib_prefix='sed -n -e '\''s/^: \([^ ]*\)[ ]*$/  {\"\1\", (void *) 0},/p'\'' -e '\''s/^[ABCDGIRSTW]* \([^ ]*\) \(lib[^ ]*\)$/  {"\2", (void *) \&\2},/p'\'' -e '\''s/^[ABCDGIRSTW]* \([^ ]*\) \([^ ]*\)$/  {"lib\2", (void *) \&\2},/p'\'''
lt_cv_sys_global_symbol_to_cdecl='sed -n -e '\''s/^T .* \(.*\)$/extern int \1();/p'\'' -e '\''s/^[ABCDGIRSTW]* .* \(.*\)$/extern char \1;/p'\'''
lt_cv_sys_max_cmd_len=1572864
lt_cv_to_host_file_cmd=func_convert_file_noop
lt_cv_to_tool_file_cmd=func_convert_file_noop
pkg_cv_XORG_CFLAGS='-fvisibility=hidden -I/usr/include/pixman-1 -I/usr/include/xorg  '
pkg_cv_XORG_LIBS=' '
xorg_cv_cc_flag__Wall=yes
xorg_cv_cc_flag__Wbad_function_cast=yes
xorg_cv_cc_flag__Wcast_qual=yes
xorg_cv_cc_flag__Wdeclaration_after_statement=yes
xorg_cv_cc_flag__Werror=yes
xorg_cv_cc_flag__Werror_address=yes
xorg_cv_cc_flag__Werror_array_bounds=yes
xorg_cv_cc_flag__Werror_attributes=yes
xorg_cv_cc_flag__Werror_implicit=yes
xorg_cv_cc_flag__Werror_init_self=yes
xorg_cv_cc_flag__Werror_int_to_pointer_cast=yes
xorg_cv_cc_flag__Werror_main=yes
xorg_cv_cc_flag__Werror_missing_braces=yes
xorg_cv_cc_flag__Werror_nonnull=yes
xorg_cv_cc_flag__Werror_pointer_to_int_cast=yes
xorg_cv_cc_flag__Werror_return_type=yes
xorg_cv_cc_flag__Werror_sequence_point=yes
xorg_cv_cc_flag__Werror_trigraphs=yes
xorg_cv_cc_flag__Werror_write_strings=yes
xorg_cv_cc_flag__Wformat_2=yes
xorg_cv_cc_flag__Wmissing_declarations=yes
xorg_cv_cc_flag__Wmissing_format_attribute=yes
xorg_cv_cc_flag__Wmissing_noreturn=yes
xorg_cv_cc_flag__Wmissing_prototypes=yes
xorg_cv_cc_flag__Wnested_externs=yes
xorg_cv_cc_flag__Wold_style_definition=yes
xorg_cv_cc_flag__Wpointer_arith=yes
xorg_cv_cc_flag__Wredundant_decls=yes
xorg_cv_cc_flag__Wshadow=yes
xorg_cv_cc_flag__Wstrict_prototypes=yes
xorg_cv_cc_flag__Wuninitialized=yes
xorg_cv_cc_flag__Wunused=yes
xorg_cv_cc_flag__pedantic=yes
xorg_cv_cc_flag_unknown_warning_option=no
xorg_cv_cc_flag_unused_command_line_argument=no

## ----------------- ##
## Output variables. ##
## ----------------- ##

ACLOCAL='${SHELL} /usr/src/my/video/drv/last/lite/6/xf86-video-fbdev/missing --run aclocal-1.11'
ADMIN_MAN_DIR='$(mandir)/man$(ADMIN_MAN_SUFFIX)'
ADMIN_MAN_SUFFIX='8'
AMDEPBACKSLASH='\'
AMDEP_FALSE='#'
AMDEP_TRUE=''
AMTAR='$${TAR-tar}'
AM_BACKSLASH='\'
AM_DEFAULT_V='$(AM_DEFAULT_VERBOSITY)'
AM_DEFAULT_VERBOSITY='0'
AM_V='$(V)'
APP_MAN_DIR='$(mandir)/man$(APP_MAN_SUFFIX)'
APP_MAN_SUFFIX='1'
AR='ar'
AUTOCONF='${SHELL} /usr/src/my/video/drv/last/lite/6/xf86-video-fbdev/missing --run autoconf'
AUTOHEADER='${SHELL} /usr/src/my/video/drv/last/lite/6/xf86-video-fbdev/missing --run autoheader'
AUTOMAKE='${SHELL} /usr/src/my/video/drv/last/lite/6/xf86-video-fbdev/missing --run automake-1.11'
AWK='mawk'
BASE_CFLAGS=' -Wall -Wpointer-arith -Wmissing-declarations -Wformat=2 -Wstrict-prototypes -Wmissing-prototypes -Wnested-externs -Wbad-function-cast -Wold-style-definition -Wdeclaration-after-statement -Wunused -Wuninitialized -Wshadow -Wcast-qual -Wmissing-noreturn -Wmissing-format-attribute -Wredundant-decls -Werror=implicit -Werror=nonnull -Werror=init-self -Werror=main -Werror=missing-braces -Werror=sequence-point -Werror=return-type -Werror=trigraphs -Werror=array-bounds -Werror=write-strings -Werror=address -Werror=int-to-pointer-cast -Werror=pointer-to-int-cast'
CC='gcc -std=gnu99'
CCDEPMODE='depmode=gcc3'
CFLAGS='-g -O2'
CHANGELOG_CMD='(GIT_DIR=$(top_srcdir)/.git git log > $(top_srcdir)/.changelog.tmp && mv $(top_srcdir)/.changelog.tmp $(top_srcdir)/ChangeLog) || (rm -f $(top_srcdir)/.changelog.tmp; touch $(top_srcdir)/ChangeLog; echo '\''git directory not found: installing possibly empty changelog.'\'' >&2)'
CPP='gcc -std=gnu99 -E'
CPPFLAGS=''
CWARNFLAGS=' -Wall -Wpointer-arith -Wmissing-declarations -Wformat=2 -Wstrict-prototypes -Wmissing-prototypes -Wnested-externs -Wbad-function-cast -Wold-style-definition -Wdeclaration-after-statement -Wunused -Wuninitialized -Wshadow -Wcast-qual -Wmissing-noreturn -Wmissing-format-attribute -Wredundant-decls -Werror=implicit -Werror=nonnull -Werror=init-self -Werror=main -Werror=missing-braces -Werror=sequence-point -Werror=return-type -Werror=trigraphs -Werror=array-bounds -Werror=write-strings -Werror=address -Werror=int-to-pointer-cast -Werror=pointer-to-int-cast -fno-strict-aliasing'
CYGPATH_W='echo'
DEFS='-DHAVE_CONFIG_H'
DEPDIR='.deps'
DLLTOOL='false'
DRIVER_MAN_DIR='$(mandir)/man$(DRIVER_MAN_SUFFIX)'
DRIVER_MAN_SUFFIX='4'
DRIVER_NAME='fbdev'
DSYMUTIL=''
DUMPBIN=''
ECHO_C=''
ECHO_N='-n'
ECHO_T=''
EGREP='/bin/grep -E'
EXEEXT=''
FGREP='/bin/grep -F'
FILE_MAN_DIR='$(mandir)/man$(FILE_MAN_SUFFIX)'
FILE_MAN_SUFFIX='5'
GREP='/bin/grep'
INSTALL_CMD='(cp -f /usr/share/util-macros/INSTALL $(top_srcdir)/.INSTALL.tmp && mv $(top_srcdir)/.INSTALL.tmp $(top_srcdir)/INSTALL) || (rm -f $(top_srcdir)/.INSTALL.tmp; touch $(top_srcdir)/INSTALL; echo '\''util-macros "pkgdatadir" from xorg-macros.pc not found: installing possibly empty INSTALL.'\'' >&2)'
INSTALL_DATA='${INSTALL} -m 644'
INSTALL_PROGRAM='${INSTALL}'
INSTALL_SCRIPT='${INSTALL}'
INSTALL_STRIP_PROGRAM='$(install_sh) -c -s'
LD='/usr/bin/ld'
LDFLAGS=''
LIBOBJS=''
LIBS=''
LIBTOOL='$(SHELL) $(top_builddir)/libtool'
LIB_MAN_DIR='$(mandir)/man$(LIB_MAN_SUFFIX)'
LIB_MAN_SUFFIX='3'
LIPO=''
LN_S='ln -s'
LTLIBOBJS=''
MAINT='#'
MAINTAINER_MODE_FALSE=''
MAINTAINER_MODE_TRUE='#'
MAKEINFO='${SHELL} /usr/src/my/video/drv/last/lite/6/xf86-video-fbdev/missing --run makeinfo'
MANIFEST_TOOL=':'
MAN_SUBSTS='	-e '\''s|__vendorversion__|"$(PACKAGE_STRING)" "$(XORG_MAN_PAGE)"|'\'' 	-e '\''s|__xorgversion__|"$(PACKAGE_STRING)" "$(XORG_MAN_PAGE)"|'\'' 	-e '\''s|__xservername__|Xorg|g'\'' 	-e '\''s|__xconfigfile__|xorg.conf|g'\'' 	-e '\''s|__projectroot__|$(prefix)|g'\'' 	-e '\''s|__apploaddir__|$(appdefaultdir)|g'\'' 	-e '\''s|__appmansuffix__|$(APP_MAN_SUFFIX)|g'\'' 	-e '\''s|__drivermansuffix__|$(DRIVER_MAN_SUFFIX)|g'\'' 	-e '\''s|__adminmansuffix__|$(ADMIN_MAN_SUFFIX)|g'\'' 	-e '\''s|__libmansuffix__|$(LIB_MAN_SUFFIX)|g'\'' 	-e '\''s|__miscmansuffix__|$(MISC_MAN_SUFFIX)|g'\'' 	-e '\''s|__filemansuffix__|$(FILE_MAN_SUFFIX)|g'\'''
MISC_MAN_DIR='$(mandir)/man$(MISC_MAN_SUFFIX)'
MISC_MAN_SUFFIX='7'
MKDIR_P='/bin/mkdir -p'
NM='/usr/bin/nm -B'
NMEDIT=''
OBJDUMP='objdump'
OBJEXT='o'
OTOOL64=''
OTOOL=''
PACKAGE='xf86-video-fbdev'
PACKAGE_BUGREPORT='https://bugs.freedesktop.org/enter_bug.cgi?product=xorg'
PACKAGE_NAME='xf86-video-fbdev'
PACKAGE_STRING='xf86-video-fbdev 0.5.1'
PACKAGE_TARNAME='xf86-video-fbdev'
PACKAGE_URL=''
PACKAGE_VERSION='0.5.1'
PATH_SEPARATOR=':'
PCIACCESS_CFLAGS=''
PCIACCESS_FALSE=''
PCIACCESS_LIBS=''
PCIACCESS_TRUE='#'
PKG_CONFIG='/usr/bin/pkg-config'
PKG_CONFIG_LIBDIR=''
PKG_CONFIG_PATH=''
RANLIB='ranlib'
SED='/bin/sed'
SET_MAKE=''
SHELL='/bin/bash'
STRICT_CFLAGS=' -pedantic -Werror -Werror=attributes'
STRIP='strip'
VERSION='0.5.1'
XORG_CFLAGS='-fvisibility=hidden -I/usr/include/pixman-1 -I/usr/include/xorg  '
XORG_LIBS=' '
XORG_MAN_PAGE='X Version 11'
ac_ct_AR='ar'
ac_ct_CC='gcc'
ac_ct_DUMPBIN=''
am__EXEEXT_FALSE=''
am__EXEEXT_TRUE='#'
am__fastdepCC_FALSE='#'
am__fastdepCC_TRUE=''
am__include='include'
am__isrc=''
am__leading_dot='.'
am__nodep='_no'
am__quote=''
am__tar='$${TAR-tar} chof - "$$tardir"'
am__untar='$${TAR-tar} xf -'
bindir='${exec_prefix}/bin'
build='armv7l-unknown-linux-gnueabihf'
build_alias=''
build_cpu='armv7l'
build_os='linux-gnueabihf'
build_vendor='unknown'
datadir='${datarootdir}'
datarootdir='${prefix}/share'
docdir='${datarootdir}/doc/${PACKAGE_TARNAME}'
dvidir='${docdir}'
exec_prefix='${prefix}'
host='armv7l-unknown-linux-gnueabihf'
host_alias=''
host_cpu='armv7l'
host_os='linux-gnueabihf'
host_vendor='unknown'
htmldir='${docdir}'
includedir='${prefix}/include'
infodir='${datarootdir}/info'
install_sh='${SHELL} /usr/src/my/video/drv/last/lite/6/xf86-video-fbdev/install-sh'
libdir='${exec_prefix}/lib'
libexecdir='${exec_prefix}/libexec'
localedir='${datarootdir}/locale'
localstatedir='${prefix}/var'
mandir='${datarootdir}/man'
mkdir_p='/bin/mkdir -p'
moduledir='${exec_prefix}/lib/xorg/modules'
oldincludedir='/usr/include'
pdfdir='${docdir}'
prefix='/usr/local'
program_transform_name='s,x,x,'
psdir='${docdir}'
sbindir='${exec_prefix}/sbin'
sharedstatedir='${prefix}/com'
sysconfdir='${prefix}/etc'
target_alias=''

## ----------- ##
## confdefs.h. ##
## ----------- ##

/* confdefs.h */
#define PACKAGE_NAME "xf86-video-fbdev"
#define PACKAGE_TARNAME "xf86-video-fbdev"
#define PACKAGE_VERSION "0.5.1"
#define PACKAGE_STRING "xf86-video-fbdev 0.5.1"
#define PACKAGE_BUGREPORT "https://bugs.freedesktop.org/enter_bug.cgi?product=xorg"
#define PACKAGE_URL ""
#define PACKAGE "xf86-video-fbdev"
#define VERSION "0.5.1"
#define STDC_HEADERS 1
#define HAVE_SYS_TYPES_H 1
#define HAVE_SYS_STAT_H 1
#define HAVE_STDLIB_H 1
#define HAVE_STRING_H 1
#define HAVE_MEMORY_H 1
#define HAVE_STRINGS_H 1
#define HAVE_INTTYPES_H 1
#define HAVE_STDINT_H 1
#define HAVE_UNISTD_H 1
#define PACKAGE_VERSION_MAJOR 0
#define PACKAGE_VERSION_MINOR 5
#define PACKAGE_VERSION_PATCHLEVEL 1
#define HAVE_DLFCN_H 1
#define LT_OBJDIR ".libs/"

configure: exit 0
